0 0 1 0 0 0 0 0 0 0 0
0.10000000000000001 0 1 1.0943999999999079 0.027359999999997699 19 19 0 760 760 0
0.20000000000000001 0 1 2949.14048 2.8357120000000022 57 57 0 40280 40280 0
0.30000000000000004 0 1 6214.4409600008048 5.9754240000007774 133 133 0 119320 119320 0
0.40000000000000002 0 1 14135.796479999313 13.592111999999329 285 214 0 277400 203560 0
0.5 0 1 14910.277546668716 14.336805333335308 373 329 0 368920 323160 0
0.59999999999999998 0 1 90921.614506655547 87.424629333322969 601 569 7 606040 572760 7280
0.69999999999999996 0 1 119083.95477331431 114.50380266664888 1083 810 128 1107320 823400 133120
0.79999999999999993 0 1 127924.39295997391 123.00422399997483 1349 1050 226 1383960 1073000 235040
0.89999999999999991 0 1 18666.175146648595 17.94824533331597 1412 1164 248 1449480 1191560 257920
0.99999999999999989 0 1 0.0 0.0 1416 1168 248 1453640 1195720 257920
1.0999999999999999 0 1 0.0 0.0 1418 1170 248 1455720 1197800 257920
1.2 0 1 6.9222400000004507 0.0066560000000004333 1427 1179 248 1465080 1207160 257920
1.3 0 1 58.644906666719571 0.056389333333384202 1449 1201 248 1487960 1230040 257920
1.4000000000000001 0 1 225.58293333348638 0.21690666666681382 1499 1251 248 1539960 1282040 257920
1.5000000000000002 0 1 494.77375999977119 0.4757439999997799 1559 1309 250 1602360 1342360 260000
1.6000000000000003 0 1 1446.792533332497 1.3911466666658621 1664 1411 253 1711560 1448440 263120
1.7000000000000004 0 1 1116.4552533344665 1.0735146666677555 1794 1535 255 1846760 1577400 265200
1.8000000000000005 0 1 1710.1038933333173 1.644330666666652 1926 1666 258 1984040 1713640 268320
1.9000000000000006 0 1 999.48159999967311 0.9610399999996857 2071 1811 259 2134840 1864440 269360
2.0000000000000004 0 1 218.81045333313048 0.21039466666647161 2194 1935 259 2262760 1993400 269360
2.1000000000000005 0 1 313.33120000002214 0.30128000000002125 2337 2078 259 2411480 2142120 269360
2.2000000000000006 0 1 345.15797333359939 0.33188266666692251 2475 2214 259 2555000 2283560 269360
2.3000000000000007 0 1 572.52693333295088 0.55050666666629899 2618 2359 259 2703720 2434360 269360
2.4000000000000008 0 1 807.98293333338461 0.77690666666671615 2799 2539 259 2891960 2621560 269360
2.5000000000000009 0 1 982.42005333321845 0.94463466666655638 2975 2715 259 3075000 2804600 269360
2.600000000000001 0 1 1369.9379199971213 1.3172479999972342 3173 2912 259 3280920 3009480 269360
2.7000000000000011 0 1 1432.1659733329968 1.3770826666663436 3370 3111 259 3485800 3216440 269360
2.8000000000000012 0 1 2182.1252266680431 2.0981973333346575 3597 3330 259 3721880 3444200 269360
2.9000000000000012 0 1 1930.5228799963691 1.8562719999965112 3820 3558 259 3953800 3681320 269360
3.0000000000000013 0 1 10248.381866653306 9.8542133333204873 4063 3798 259 4206520 3930920 269360
3.1000000000000014 0 1 15107.50591998243 14.526447999983088 4320 4038 259 4473800 4180520 269360
3.2000000000000015 0 1 30517.271893315698 29.343530666649812 4575 4279 260 4739000 4431160 270400
3.3000000000000016 0 1 41325.256959981387 39.735823999982131 4828 4519 266 5002120 4680760 276640
3.4000000000000017 0 1 41146.288213306296 39.563738666640667 5064 4760 275 5247560 4931400 286000
3.5000000000000018 0 1 15243.610026638349 14.657317333306118 5268 4985 283 5459720 5165400 294320
3.6000000000000019 0 1 185.16991999997626 0.17804799999997717 5432 5149 283 5630280 5335960 294320
3.700000000000002 0 1 89.989119999982762 0.086527999999983424 5529 5246 283 5731160 5436840 294320
3.800000000000002 0 1 358.85824000005192 0.34505600000004988 5668 5385 283 5875720 5581400 294320
3.9000000000000021 0 1 425.11317333344141 0.40876266666677058 5805 5521 283 6018200 5722840 294320
4.0000000000000018 0 1 622.36373333277481 0.59842666666612965 5951 5668 283 6170040 5875720 294320
4.1000000000000014 0 1 543.39584000854279 0.52249600000821428 6124 5838 283 6349960 6052520 294320
4.2000000000000011 0 1 739.59808000672194 0.71115200000646339 6295 6009 283 6527800 6230360 294320
4.3000000000000007 0 1 1376.5162666683884 1.3235733333349888 6484 6201 283 6724360 6430040 294320
4.4000000000000004 0 1 1836.2794666751095 1.7656533333414499 6689 6406 283 6937560 6643240 294320
4.5 0 1 4266.0411733915589 4.1019626667226525 6921 6636 283 7178840 6882440 294320
4.5999999999999996 0 1 4038.7776000103358 3.8834400000099349 7152 6857 283 7419080 7112280 294320
4.6999999999999993 0 1 6841.5415468696392 6.5784053335284884 7388 7098 283 7664520 7362920 294320
4.7999999999999989 0 1 16811.808000283239 16.165200000272396 7643 7338 283 7929720 7612520 294320
4.8999999999999986 0 1 29454.586026941826 28.321717333597853 7896 7578 286 8192840 7862120 297440
4.9999999999999982 0 1 34764.221440288828 33.427136000277834 8144 7819 292 8450760 8112760 303680
5.0999999999999979 0 1 15025.526186958188 14.447621333613643 8341 8044 296 8655640 8346760 307840
5.1999999999999975 0 1 1598.4328533312917 1.5369546666647038 8533 8232 299 8855320 8542280 310960
5.2999999999999972 0 1 1000.3968000065371 0.96192000000628564 8717 8416 300 9046680 8733640 312000
5.3999999999999968 0 1 1060.5171199945028 1.0197279999947142 8899 8597 300 9235960 8921880 312000
5.4999999999999964 0 1 1034.4866133442347 0.99469866667714868 9093 8793 300 9437720 9125720 312000
5.5999999999999961 0 1 805.57568000086019 0.77459200000082717 9294 8994 300 9646760 9334760 312000
5.6999999999999957 0 1 1269.1217066591848 1.2203093333261394 9513 9211 300 9874520 9560440 312000
5.7999999999999954 0 1 2095.8856534376032 2.0152746667669224 9740 9435 300 10110600 9793400 312000
5.899999999999995 0 1 3390.4110935037102 3.2600106668304845 9976 9673 300 10356040 10040920 312000
5.9999999999999947 0 1 11673.314986671008 11.22434133333749 10231 9913 301 10621240 10290520 313040
6.0999999999999943 0 1 24284.011093556419 23.350010666881211 10486 10154 303 10886440 10541160 315120
6.199999999999994 0 1 32197.434880255441 30.959072000245524 10737 10394 309 11147480 10790760 321360
6.2999999999999936 0 1 21721.157120465767 20.88572800044782 10961 10634 316 11380440 11040360 328640
6.3999999999999932 0 1 1031.2861867791144 0.99162133344145609 11147 10828 319 11573880 11242120 331760
6.4999999999999929 0 1 1574.9870933836121 1.5144106667150101 11334 11014 320 11768360 11435560 332800
6.5999999999999925 0 1 335.85066666953315 0.32293333333608959 11494 11172 320 11934760 11599880 332800
6.6999999999999922 0 1 785.90165333539517 0.75567466666864913 11660 11337 320 12107400 11771480 332800
6.7999999999999918 0 1 413.77024001705399 0.39785600001639804 11821 11500 320 12274840 11941000 332800
6.8999999999999915 0 1 813.42421338192855 0.78213866671339283 12003 11682 320 12464120 12130280 332800
6.9999999999999911 0 1 2104.0836267280806 2.0231573333923851 12198 11877 320 12666920 12333080 332800
7.0999999999999908 0 1 4050.7084800175503 3.8949120000168729 12422 12101 320 12899880 12566040 332800
7.1999999999999904 0 1 6119.4598398904791 5.8840959998947042 12661 12329 320 13148440 12803160 332800
7.2999999999999901 0 1 5470.8492800183385 5.2604320000176328 12889 12557 320 13385560 13040280 332800
7.3999999999999897 0 1 13344.25941351853 12.831018666844766 13132 12797 320 13638280 13289880 332800
7.4999999999999893 0 1 22682.355626808305 21.80995733346959 13389 13038 322 13905560 13540520 334880
7.599999999999989 0 1 33880.160426874427 32.577077333533161 13641 13278 327 14167640 13790120 340080
7.6999999999999886 0 1 30439.141547094594 29.26840533374477 13878 13518 335 14414120 14039720 348400
7.7999999999999883 0 1 14684.733440550655 14.119936000529473 14087 13744 343 14631480 14274760 356720
7.8999999999999879 0 1 425.54581330680685 0.40917866664116043 14269 13923 344 14820760 14460920 357760
7.9999999999999876 0 1 261.61962669604242 0.25155733336157926 14428 14084 344 14986120 14628360 357760
8.0999999999999872 0 1 505.06837330926015 0.48564266664351935 14581 14236 344 15145240 14786440 357760
8.1999999999999869 0 1 1005.0338133405426 0.96637866667359862 14736 14391 345 15306440 14947640 358800
8.2999999999999865 0 1 665.16735998282809 0.63958399998348847 14904 14558 345 15481160 15121320 358800
8.3999999999999861 0 1 1237.5833599973876 1.1899839999974879 15086 14741 345 15670440 15311640 358800
8.4999999999999858 0 1 2384.1791998307131 2.2924799998372238 15291 14937 345 15883640 15515480 358800
8.5999999999999854 0 1 2637.6729600901017 2.5362240000866354 15479 15132 345 16079160 15718280 358800
8.6999999999999851 0 1 3559.9948800204561 3.4230720000196633 15698 15353 345 16306920 15948120 358800
8.7999999999999847 0 1 3405.7420798899825 3.2747519998942147 15927 15576 345 16545080 16180040 358800
8.8999999999999844 0 1 4814.1017599335091 4.6289439999360651 16160 15810 345 16787400 16423400 358800
8.999999999999984 0 1 9170.7199995573101 8.8179999995743295 16409 16050 345 17046360 16673000 358800
9.0999999999999837 0 1 20912.48085282441 20.108154666177285 16664 16291 345 17311560 16923640 358800
9.1999999999999833 0 1 32316.876799589889 31.073919999605678 16915 16531 349 17572600 17173240 362960
9.2999999999999829 0 1 38050.349653020909 36.586874666366164 17162 16772 357 17829480 17423880 371280
9.3999999999999826 0 1 11156.909226730711 10.727797333394912 17354 16991 363 18029160 17651640 377520
9.4999999999999822 0 1 2122.5318399972512 2.0408959999973568 17540 17175 365 18222600 17843000 379600
9.5999999999999819 0 1 291.59935999961095 0.28038399999962593 17681 17316 365 18369240 17989640 379600
9.6999999999999815 0 1 306.3091199995352 0.29452799999955309 17832 17467 365 18526280 18146680 379600
9.7999999999999812 0 1 409.54367999472657 0.39379199999492936 18007 17642 365 18708280 18328680 379600
9.8999999999999808 0 1 541.34357335423476 0.52052266668676428 18173 17808 365 18880920 18501320 379600
9.9999999999999805 0 1 1267.0195199729153 1.2182879999739569 18368 18000 365 19083720 18701000 379600
10.09999999999998 0 1 1970.6419199797665 1.8948479999805445 18571 18202 365 19294840 18911080 379600
10.19999999999998 0 1 4547.1240534336948 4.3722346667631635 18801 18436 365 19534040 19154440 379600
10.299999999999979 0 1 4348.6365865147463 4.1813813331872547 19041 18666 365 19783640 19393640 379600
10.399999999999979 0 1 6881.7659730185169 6.6170826663639613 19282 18907 365 20034280 19644280 379600
10.499999999999979 0 1 19714.206719559465 18.955967999576369 19538 19147 366 20300520 19893880 380640
10.599999999999978 0 1 32498.740906258041 31.248789332940422 19794 19387 369 20566760 20143480 383760
10.699999999999978 0 1 34291.41802639894 32.972517333076013 20029 19628 376 20811160 20394120 391040
10.799999999999978 0 1 23913.72117304827 22.993962666392555 20265 19868 385 21056600 20643720 400400
10.899999999999977 0 1 1349.6426666555058 1.2977333333226018 20451 20066 385 21250040 20849640 400400
10.999999999999977 0 1 475.5989333066853 0.45730666664104352 20610 20224 386 21415400 21013960 401440
11.099999999999977 0 1 1404.8098132942805 1.3507786666291159 20764 20377 387 21575560 21173080 402480
11.199999999999976 0 1 1693.9020799933946 1.6287519999936486 20957 20568 388 21776280 21371720 403520
11.299999999999976 0 1 691.15349333505344 0.66457066666832054 21124 20736 388 21949960 21546440 403520
11.399999999999975 0 1 1330.0019199951312 1.2788479999953184 21300 20910 388 22133000 21727400 403520
11.499999999999975 0 1 1655.6245333219354 1.5919466666557069 21480 21090 388 22320200 21914600 403520
11.599999999999975 0 1 2730.0027733277257 2.6250026666612762 21690 21299 388 22538600 22131960 403520
11.699999999999974 0 1 3269.4549332974962 3.1437066666322022 21901 21510 388 22758040 22351400 403520
11.799999999999974 0 1 4585.9673600013175 4.4095840000012725 22127 21739 388 22993080 22589560 403520
11.899999999999974 0 1 6203.7469866424217 5.9651413333100081 22381 21979 388 23257240 22839160 403520
11.999999999999973 0 1 12077.506133009387 11.612986666355175 22626 22219 388 23512040 23088760 403520
12.099999999999973 0 1 26292.619946326136 25.281365333005947 22881 22460 391 23777240 23339400 406640
12.199999999999973 0 1 36454.690133005897 35.052586666351736 23135 22700 397 24041400 23589000 412880
12.299999999999972 0 1 23781.288959677026 22.866623999689423 23321 22918 403 24234840 23815720 419120
12.399999999999972 0 1 1030.0381866792814 0.99042133334546278 23528 23116 403 24450120 24021640 419120
12.499999999999972 0 1 1015.8109866162356 0.97674133328484192 23707 23303 404 24636280 24216120 420160
12.599999999999971 0 1 606.00106665508736 0.58269333332219941 23897 23491 405 24833880 24411640 421200
12.699999999999971 0 1 615.12533332866406 0.59146666666217695 24083 23678 405 25027320 24606120 421200
12.799999999999971 0 1 985.17120000129592 0.94728000000124601 24293 23886 406 25245720 24822440 422240
12.89999999999997 0 1 1536.2547199956223 1.4771679999957907 24506 24100 406 25467240 25045000 422240
12.99999999999997 0 1 1760.0627199855614 1.6923679999861168 24738 24332 406 25708520 25286280 422240
13.099999999999969 0 1 2195.5814400022896 2.1111360000022015 24974 24560 406 25953960 25523400 422240
13.199999999999969 0 1 6366.708053092545 6.1218346664351344 25219 24801 407 26208760 25774040 423280
13.299999999999969 0 1 14808.801279675647 14.239231999688165 25463 25041 409 26462520 26023640 425360
13.399999999999968 0 1 19129.538133034712 18.393786666379476 25714 25282 412 26723560 26274280 428480
13.499999999999968 0 1 22964.99711964832 22.081727999661787 25955 25522 416 26974200 26523880 432640
13.599999999999968 0 1 15339.617279571994 14.749631999588447 26188 25762 422 27216520 26773480 438880
13.699999999999967 0 1 936.06655996752625 0.90006399996877529 26368 25941 424 27403720 26959640 440960
13.799999999999967 0 1 1766.4358399681112 1.6984959999693376 26561 26136 425 27604440 27162440 442000
13.899999999999967 0 1 562.42090667455273 0.54078933334091606 26736 26310 425 27786440 27343400 442000
13.999999999999966 0 1 842.45546666580412 0.81005333333250396 26934 26508 425 27992360 27549320 442000
14.099999999999966 0 1 2402.7549865704218 2.3103413332407898 27134 26709 425 28200360 27758360 442000
14.199999999999966 0 1 1693.9298133970442 1.6287786667279271 27345 26913 425 28419800 27970520 442000
14.299999999999965 0 1 4142.7609598898916 3.9834239998941143 27566 27138 425 28649640 28204520 442000
14.399999999999965 0 1 5663.5903998975709 5.4457599999014956 27803 27376 425 28896120 28452040 442000
14.499999999999964 0 1 8812.0448001449768 8.4731200001394082 28058 27616 425 29161320 28701640 442000
14.599999999999964 0 1 22722.785279781994 21.848831999790324 28311 27857 426 29424440 28952280 443040
14.699999999999964 0 1 34670.26090642067 33.336789333096753 28564 28097 431 29687560 29201880 448240
14.799999999999963 0 1 30561.634132751336 29.386186666107253 28792 28338 439 29924680 29452520 456560
14.899999999999963 0 1 1583.5400531202495 1.5226346664617783 28967 28527 440 30106680 29649080 457600
14.999999999999963 0 1 1535.8719999965997 1.4767999999967305 29171 28730 441 30318840 29860200 458640
15.099999999999962 0 1 502.07872001247188 0.48276800001199222 29358 28916 441 30513320 30053640 458640
15.199999999999962 0 1 647.23498667857143 0.62234133334478026 29554 29111 441 30717160 30256440 458640
15.299999999999962 0 1 1086.5753599855163 1.0447839999860735 29761 29319 441 30932440 30472760 458640
15.399999999999961 0 1 1347.5682133315038 1.2957386666649076 29978 29536 441 31158120 30698440 458640
15.499999999999961 0 1 2621.7318399980868 2.5208959999981584 30215 29773 441 31404600 30944920 458640
15.599999999999961 0 1 6665.5236264831383 6.4091573331568572 30465 30013 442 31664600 31194520 459680
15.69999999999996 0 1 17441.304746519458 16.770485333191754 30721 30254 444 31930840 31445160 461760
15.79999999999996 0 1 23850.001066274017 22.932693332955935 30961 30494 448 32180440 31694760 465920
15.899999999999959 0 1 15721.777066222725 15.117093332906482 31200 30734 454 32429000 31944360 472160
15.999999999999959 0 1 4032.4710396919791 3.8773759997038186 31411 30955 456 32648440 32174200 474240
16.099999999999959 0 1 1184.3575467353915 1.1388053333994148 31594 31137 456 32838760 32363480 474240
16.19999999999996 0 1 1583.9061333855941 1.5229866667169174 31789 31331 456 33041560 32565240 474240
16.299999999999962 0 1 674.05312003902975 0.64812800003752857 31972 31513 457 33231880 32754520 475280
16.399999999999963 0 1 1742.6517333617064 1.6756266666939486 32177 31720 457 33445080 32969800 475280
16.499999999999964 0 1 1311.4427733834345 1.2610026667148408 32391 31932 457 33667640 33190280 475280
16.599999999999966 0 1 2370.4900266619975 2.2793173333288439 32621 32163 457 33906840 33430520 475280
16.699999999999967 0 1 4060.8477868225709 3.9046613334832414 32860 32395 457 34155400 33671800 475280
16.799999999999969 0 1 8995.5008009560079 8.6495200009192725 33106 32635 457 34411240 33921400 475280
16.89999999999997 0 1 21888.938241106975 21.047056001064405 33361 32876 458 34676440 34172040 476320
16.999999999999972 0 1 34503.128747695759 33.176085334322877 33615 33116 462 34940600 34421640 480480
17.099999999999973 0 1 39060.552960866524 37.558224000833107 33856 33357 470 35191240 34672280 488800
17.199999999999974 0 1 14532.250027357906 13.973317333997969 34063 33586 477 35406520 34910440 496080
17.299999999999976 0 1 273.91658666758087 0.26338133333421238 34266 33787 478 35617640 35119480 497120
17.399999999999977 0 1 164.51968000361086 0.15819200000347197 34414 33936 478 35771560 35274440 497120
17.499999999999979 0 1 426.13930666633979 0.40974933333301905 34560 34082 478 35923400 35426280 497120
17.59999999999998 0 1 436.1843200086293 0.41940800000829742 34733 34254 478 36103320 35605160 497120
17.699999999999982 0 1 799.14154669656909 0.76840533336208572 34914 34435 478 36291560 35793400 497120
17.799999999999983 0 1 1478.0147200064466 1.4211680000061986 35103 34624 478 36488120 35989960 497120
17.899999999999984 0 1 1824.4817066698683 1.7543093333364119 35315 34837 478 36708600 36211480 497120
17.999999999999986 0 1 2322.2229333409173 2.232906666673959 35539 35056 478 36941560 36439240 497120
18.099999999999987 0 1 3651.4372266708442 3.5109973333373503 35765 35283 478 37176600 36675320 497120
18.199999999999989 0 1 5781.0244266951031 5.5586773333606763 36010 35521 478 37431400 36922840 497120
18.29999999999999 0 1 16124.226560451816 15.504064000434454 36260 35761 479 37691400 37172440 498160
18.399999999999991 0 1 26588.34048091634 25.565712000881071 36512 36001 482 37953480 37422040 501280
18.499999999999993 0 1 30744.657494251231 29.562170667549282 36760 36242 489 38211400 37672680 508560
18.599999999999994 0 1 11097.632001033031 10.670800000993301 36969 36475 494 38428760 37915000 513760
18.699999999999996 0 1 743.63605321268062 0.7150346665506544 37146 36641 494 38612840 38087640 513760
18.799999999999997 0 1 1243.6514134659312 1.1958186667941646 37301 36807 494 38774040 38260280 513760
18.899999999999999 0 1 445.61920000161246 0.4284800000015504 37486 36992 494 38966440 38452680 513760
19 0 1 823.50250665984072 0.79182933332676997 37676 37181 494 39164040 38649240 513760
19.100000000000001 0 1 760.29269330923398 0.73105066664349416 37883 37385 494 39379320 38861400 513760
19.200000000000003 0 1 1718.5736536068771 1.6524746669296895 38092 37598 494 39596680 39082920 513760
19.300000000000004 0 1 1700.402773593386 1.6350026669167173 38321 37823 494 39834840 39316920 513760
19.400000000000006 0 1 8434.816000416562 8.1104000004005794 38563 38064 494 40086520 39567560 513760
19.500000000000007 0 1 12722.150827414449 12.232837334052359 38817 38304 495 40350680 39817160 514800
19.600000000000009 0 1 26280.406187411689 25.269621334049607 39072 38545 498 40615880 40067800 517920
19.70000000000001 0 1 29321.743360909702 28.193984000874675 39317 38785 503 40870680 40317400 523120
19.800000000000011 0 1 21671.841707963878 20.83830933458059 39547 39025 510 41109880 40567000 530400
19.900000000000013 0 1 1317.0781871512686 1.2664213337992967 39746 39234 512 41316840 40784360 532480
20.000000000000014 0 1 378.12736000137221 0.36358400000131946 39923 39411 512 41500920 40968440 532480
20.100000000000016 0 1 97.776640000334709 0.094016000000321842 39961 39449 512 41540440 41007960 532480
20.200000000000017 0 1 0.0 0.0 39962 39450 512 41541480 41009000 532480
20.300000000000018 0 1 0.0 0.0 39963 39451 512 41542520 41010040 532480
20.40000000000002 0 1 3.4611200000255811 0.0033280000000245973 39965 39453 512 41544600 41012120 532480
20.500000000000021 0 1 0.0 0.0 39965 39453 512 41544600 41012120 532480
20.600000000000023 0 1 0.0 0.0 39965 39453 512 41544600 41012120 532480
20.700000000000024 0 1 0.0 0.0 39965 39453 512 41544600 41012120 532480
20.800000000000026 0 1 0.0 0.0 39965 39453 512 41544600 41012120 532480
20.900000000000027 0 1 0.0 0.0 39965 39453 512 41544600 41012120 532480
21.000000000000028 0 1 0.0 0.0 39965 39453 512 41544600 41012120 532480
21.10000000000003 0 1 0.0 0.0 39965 39453 512 41544600 41012120 532480
21.200000000000031 0 1 0.0 0.0 39965 39453 512 41544600 41012120 532480
21.300000000000033 0 1 0.0 0.0 39965 39453 512 41544600 41012120 532480
21.400000000000034 0 1 0.0 0.0 39965 39453 512 41544600 41012120 532480
21.500000000000036 0 1 0.0 0.0 39965 39453 512 41544600 41012120 532480
21.600000000000037 0 1 0.0 0.0 39965 39453 512 41544600 41012120 532480
21.700000000000038 0 1 0.0 0.0 39965 39453 512 41544600 41012120 532480
21.80000000000004 0 1 0.0 0.0 39965 39453 512 41544600 41012120 532480
21.900000000000041 0 1 0.0 0.0 39965 39453 512 41544600 41012120 532480
22.000000000000043 0 1 0.0 0.0 39965 39453 512 41544600 41012120 532480
22.100000000000044 0 1 0.0 0.0 39965 39453 512 41544600 41012120 532480
22.200000000000045 0 1 0.0 0.0 39965 39453 512 41544600 41012120 532480
22.300000000000047 0 1 0.0 0.0 39965 39453 512 41544600 41012120 532480
22.400000000000048 0 1 0.0 0.0 39965 39453 512 41544600 41012120 532480
22.50000000000005 0 1 0.0 0.0 39965 39453 512 41544600 41012120 532480
22.600000000000051 0 1 0.0 0.0 39965 39453 512 41544600 41012120 532480
22.700000000000053 0 1 0.0 0.0 39965 39453 512 41544600 41012120 532480
22.800000000000054 0 1 0.0 0.0 39965 39453 512 41544600 41012120 532480
22.900000000000055 0 1 0.0 0.0 39965 39453 512 41544600 41012120 532480
23.000000000000057 0 1 0.0 0.0 39965 39453 512 41544600 41012120 532480
23.100000000000058 0 1 0.0 0.0 39965 39453 512 41544600 41012120 532480
23.20000000000006 0 1 0.0 0.0 39965 39453 512 41544600 41012120 532480
23.300000000000061 0 1 0.0 0.0 39965 39453 512 41544600 41012120 532480
23.400000000000063 0 1 0.0 0.0 39965 39453 512 41544600 41012120 532480
23.500000000000064 0 1 0.0 0.0 39965 39453 512 41544600 41012120 532480
23.600000000000065 0 1 0.0 0.0 39965 39453 512 41544600 41012120 532480
23.700000000000067 0 1 0.0 0.0 39965 39453 512 41544600 41012120 532480
23.800000000000068 0 1 0.0 0.0 39965 39453 512 41544600 41012120 532480
23.90000000000007 0 1 0.0 0.0 39965 39453 512 41544600 41012120 532480
24.000000000000071 0 1 0.0 0.0 39965 39453 512 41544600 41012120 532480
24.100000000000072 0 1 0.0 0.0 39965 39453 512 41544600 41012120 532480
24.200000000000074 0 1 0.0 0.0 39965 39453 512 41544600 41012120 532480
24.300000000000075 0 1 0.0 0.0 39965 39453 512 41544600 41012120 532480
24.400000000000077 0 1 0.0 0.0 39965 39453 512 41544600 41012120 532480
24.500000000000078 0 1 0.0 0.0 39965 39453 512 41544600 41012120 532480
24.60000000000008 0 1 0.0 0.0 39965 39453 512 41544600 41012120 532480
24.700000000000081 0 1 0.0 0.0 39965 39453 512 41544600 41012120 532480
24.800000000000082 0 1 0.0 0.0 39965 39453 512 41544600 41012120 532480
24.900000000000084 0 1 0.0 0.0 39965 39453 512 41544600 41012120 532480
